2026-07-03T13:04:05+00:00 WARNING Product feed scheduling failed: Integration not configured. : {"flow_name":"product_feed","flow_step":"schedule_feed_generation"}
2026-07-03T13:04:05+00:00 WARNING Language override feed scheduling failed: Integration not configured. : {"flow_name":"language_override_feed","flow_step":"schedule_feed_generation"}
2026-07-03T13:04:05+00:00 ERROR Error persisting error logs: Não foi possível criar a instância da API pois o token de acesso está faltando. : []
2026-07-03T13:04:05+00:00 NOTICE Unable to detect valid feed configuration: No catalog ID
2026-07-03T13:04:05+00:00 NOTICE There was an error trying to get product set data in a catalog: Não foi possível criar a instância da API pois o token de acesso está faltando.
2026-07-03T13:04:05+00:00 ERROR ProductSetSync exception: exception_code : 0; exception_class : WooCommerce\Facebook\Framework\Api\Exception: exception_message : Não foi possível criar a instância da API pois o token de acesso está faltando.; exception_trace : #0 /www/wwwroot/teste.uailove.com.br/wp-content/plugins/facebook-for-woocommerce/includes/ProductSets/ProductSetSync.php(139): WC_Facebookcommerce->get_api()
#1 /www/wwwroot/teste.uailove.com.br/wp-content/plugins/facebook-for-woocommerce/includes/ProductSets/ProductSetSync.php(226): WooCommerce\Facebook\ProductSets\ProductSetSync->get_fb_product_set_id()
#2 /www/wwwroot/teste.uailove.com.br/wp-content/plugins/facebook-for-woocommerce/includes/ProductSets/ProductSetSync.php(107): WooCommerce\Facebook\ProductSets\ProductSetSync->sync_all_wc_product_categories()
#3 /www/wwwroot/teste.uailove.com.br/wp-includes/class-wp-hook.php(341): WooCommerce\Facebook\ProductSets\ProductSetSync->sync_all_product_sets()
#4 /www/wwwroot/teste.uailove.com.br/wp-includes/class-wp-hook.php(365): WP_Hook->apply_filters()
#5 /www/wwwroot/teste.uailove.com.br/wp-includes/plugin.php(570): WP_Hook->do_action()
#6 /www/wwwroot/teste.uailove.com.br/wp-content/plugins/woocommerce/packages/action-scheduler/classes/actions/ActionScheduler_Action.php(86): do_action_ref_array()
#7 /www/wwwroot/teste.uailove.com.br/wp-content/plugins/woocommerce/packages/action-scheduler/classes/abstracts/ActionScheduler_Abstract_QueueRunner.php(103): ActionScheduler_Action->execute()
#8 /www/wwwroot/teste.uailove.com.br/wp-content/plugins/woocommerce/packages/action-scheduler/classes/ActionScheduler_QueueRunner.php(188): ActionScheduler_Abstract_QueueRunner->process_action()
#9 /www/wwwroot/teste.uailove.com.br/wp-content/plugins/woocommerce/packages/action-scheduler/classes/ActionScheduler_QueueRunner.php(158): ActionScheduler_QueueRunner->do_batch()
#10 /www/wwwroot/teste.uailove.com.br/wp-includes/class-wp-hook.php(341): ActionScheduler_QueueRunner->run()
#11 /www/wwwroot/teste.uailove.com.br/wp-includes/class-wp-hook.php(365): WP_Hook->apply_filters()
#12 /www/wwwroot/teste.uailove.com.br/wp-includes/plugin.php(570): WP_Hook->do_action()
#13 /www/wwwroot/teste.uailove.com.br/wp-cron.php(191): do_action_ref_array()
#14 {main}
2026-07-03T13:04:05+00:00 NOTICE There was an error trying to get product set data in a catalog: Não foi possível criar a instância da API pois o token de acesso está faltando.
2026-07-03T13:04:05+00:00 ERROR ProductSetSync exception: exception_code : 0; exception_class : WooCommerce\Facebook\Framework\Api\Exception: exception_message : Não foi possível criar a instância da API pois o token de acesso está faltando.; exception_trace : #0 /www/wwwroot/teste.uailove.com.br/wp-content/plugins/facebook-for-woocommerce/includes/ProductSets/ProductSetSync.php(139): WC_Facebookcommerce->get_api()
#1 /www/wwwroot/teste.uailove.com.br/wp-content/plugins/facebook-for-woocommerce/includes/ProductSets/ProductSetSync.php(226): WooCommerce\Facebook\ProductSets\ProductSetSync->get_fb_product_set_id()
#2 /www/wwwroot/teste.uailove.com.br/wp-content/plugins/facebook-for-woocommerce/includes/ProductSets/ProductSetSync.php(107): WooCommerce\Facebook\ProductSets\ProductSetSync->sync_all_wc_product_categories()
#3 /www/wwwroot/teste.uailove.com.br/wp-includes/class-wp-hook.php(341): WooCommerce\Facebook\ProductSets\ProductSetSync->sync_all_product_sets()
#4 /www/wwwroot/teste.uailove.com.br/wp-includes/class-wp-hook.php(365): WP_Hook->apply_filters()
#5 /www/wwwroot/teste.uailove.com.br/wp-includes/plugin.php(570): WP_Hook->do_action()
#6 /www/wwwroot/teste.uailove.com.br/wp-content/plugins/woocommerce/packages/action-scheduler/classes/actions/ActionScheduler_Action.php(86): do_action_ref_array()
#7 /www/wwwroot/teste.uailove.com.br/wp-content/plugins/woocommerce/packages/action-scheduler/classes/abstracts/ActionScheduler_Abstract_QueueRunner.php(103): ActionScheduler_Action->execute()
#8 /www/wwwroot/teste.uailove.com.br/wp-content/plugins/woocommerce/packages/action-scheduler/classes/ActionScheduler_QueueRunner.php(188): ActionScheduler_Abstract_QueueRunner->process_action()
#9 /www/wwwroot/teste.uailove.com.br/wp-content/plugins/woocommerce/packages/action-scheduler/classes/ActionScheduler_QueueRunner.php(158): ActionScheduler_QueueRunner->do_batch()
#10 /www/wwwroot/teste.uailove.com.br/wp-includes/class-wp-hook.php(341): ActionScheduler_QueueRunner->run()
#11 /www/wwwroot/teste.uailove.com.br/wp-includes/class-wp-hook.php(365): WP_Hook->apply_filters()
#12 /www/wwwroot/teste.uailove.com.br/wp-includes/plugin.php(570): WP_Hook->do_action()
#13 /www/wwwroot/teste.uailove.com.br/wp-cron.php(191): do_action_ref_array()
#14 {main}
2026-07-03T13:04:05+00:00 NOTICE There was an error trying to get product set data in a catalog: Não foi possível criar a instância da API pois o token de acesso está faltando.
2026-07-03T13:04:05+00:00 ERROR ProductSetSync exception: exception_code : 0; exception_class : WooCommerce\Facebook\Framework\Api\Exception: exception_message : Não foi possível criar a instância da API pois o token de acesso está faltando.; exception_trace : #0 /www/wwwroot/teste.uailove.com.br/wp-content/plugins/facebook-for-woocommerce/includes/ProductSets/ProductSetSync.php(139): WC_Facebookcommerce->get_api()
#1 /www/wwwroot/teste.uailove.com.br/wp-content/plugins/facebook-for-woocommerce/includes/ProductSets/ProductSetSync.php(226): WooCommerce\Facebook\ProductSets\ProductSetSync->get_fb_product_set_id()
#2 /www/wwwroot/teste.uailove.com.br/wp-content/plugins/facebook-for-woocommerce/includes/ProductSets/ProductSetSync.php(107): WooCommerce\Facebook\ProductSets\ProductSetSync->sync_all_wc_product_categories()
#3 /www/wwwroot/teste.uailove.com.br/wp-includes/class-wp-hook.php(341): WooCommerce\Facebook\ProductSets\ProductSetSync->sync_all_product_sets()
#4 /www/wwwroot/teste.uailove.com.br/wp-includes/class-wp-hook.php(365): WP_Hook->apply_filters()
#5 /www/wwwroot/teste.uailove.com.br/wp-includes/plugin.php(570): WP_Hook->do_action()
#6 /www/wwwroot/teste.uailove.com.br/wp-content/plugins/woocommerce/packages/action-scheduler/classes/actions/ActionScheduler_Action.php(86): do_action_ref_array()
#7 /www/wwwroot/teste.uailove.com.br/wp-content/plugins/woocommerce/packages/action-scheduler/classes/abstracts/ActionScheduler_Abstract_QueueRunner.php(103): ActionScheduler_Action->execute()
#8 /www/wwwroot/teste.uailove.com.br/wp-content/plugins/woocommerce/packages/action-scheduler/classes/ActionScheduler_QueueRunner.php(188): ActionScheduler_Abstract_QueueRunner->process_action()
#9 /www/wwwroot/teste.uailove.com.br/wp-content/plugins/woocommerce/packages/action-scheduler/classes/ActionScheduler_QueueRunner.php(158): ActionScheduler_QueueRunner->do_batch()
#10 /www/wwwroot/teste.uailove.com.br/wp-includes/class-wp-hook.php(341): ActionScheduler_QueueRunner->run()
#11 /www/wwwroot/teste.uailove.com.br/wp-includes/class-wp-hook.php(365): WP_Hook->apply_filters()
#12 /www/wwwroot/teste.uailove.com.br/wp-includes/plugin.php(570): WP_Hook->do_action()
#13 /www/wwwroot/teste.uailove.com.br/wp-cron.php(191): do_action_ref_array()
#14 {main}
2026-07-03T13:04:05+00:00 NOTICE There was an error trying to get product set data in a catalog: Não foi possível criar a instância da API pois o token de acesso está faltando.
2026-07-03T13:04:05+00:00 ERROR ProductSetSync exception: exception_code : 0; exception_class : WooCommerce\Facebook\Framework\Api\Exception: exception_message : Não foi possível criar a instância da API pois o token de acesso está faltando.; exception_trace : #0 /www/wwwroot/teste.uailove.com.br/wp-content/plugins/facebook-for-woocommerce/includes/ProductSets/ProductSetSync.php(139): WC_Facebookcommerce->get_api()
#1 /www/wwwroot/teste.uailove.com.br/wp-content/plugins/facebook-for-woocommerce/includes/ProductSets/ProductSetSync.php(226): WooCommerce\Facebook\ProductSets\ProductSetSync->get_fb_product_set_id()
#2 /www/wwwroot/teste.uailove.com.br/wp-content/plugins/facebook-for-woocommerce/includes/ProductSets/ProductSetSync.php(107): WooCommerce\Facebook\ProductSets\ProductSetSync->sync_all_wc_product_categories()
#3 /www/wwwroot/teste.uailove.com.br/wp-includes/class-wp-hook.php(341): WooCommerce\Facebook\ProductSets\ProductSetSync->sync_all_product_sets()
#4 /www/wwwroot/teste.uailove.com.br/wp-includes/class-wp-hook.php(365): WP_Hook->apply_filters()
#5 /www/wwwroot/teste.uailove.com.br/wp-includes/plugin.php(570): WP_Hook->do_action()
#6 /www/wwwroot/teste.uailove.com.br/wp-content/plugins/woocommerce/packages/action-scheduler/classes/actions/ActionScheduler_Action.php(86): do_action_ref_array()
#7 /www/wwwroot/teste.uailove.com.br/wp-content/plugins/woocommerce/packages/action-scheduler/classes/abstracts/ActionScheduler_Abstract_QueueRunner.php(103): ActionScheduler_Action->execute()
#8 /www/wwwroot/teste.uailove.com.br/wp-content/plugins/woocommerce/packages/action-scheduler/classes/ActionScheduler_QueueRunner.php(188): ActionScheduler_Abstract_QueueRunner->process_action()
#9 /www/wwwroot/teste.uailove.com.br/wp-content/plugins/woocommerce/packages/action-scheduler/classes/ActionScheduler_QueueRunner.php(158): ActionScheduler_QueueRunner->do_batch()
#10 /www/wwwroot/teste.uailove.com.br/wp-includes/class-wp-hook.php(341): ActionScheduler_QueueRunner->run()
#11 /www/wwwroot/teste.uailove.com.br/wp-includes/class-wp-hook.php(365): WP_Hook->apply_filters()
#12 /www/wwwroot/teste.uailove.com.br/wp-includes/plugin.php(570): WP_Hook->do_action()
#13 /www/wwwroot/teste.uailove.com.br/wp-cron.php(191): do_action_ref_array()
#14 {main}
2026-07-03T13:04:05+00:00 NOTICE There was an error trying to get product set data in a catalog: Não foi possível criar a instância da API pois o token de acesso está faltando.
2026-07-03T13:04:05+00:00 ERROR ProductSetSync exception: exception_code : 0; exception_class : WooCommerce\Facebook\Framework\Api\Exception: exception_message : Não foi possível criar a instância da API pois o token de acesso está faltando.; exception_trace : #0 /www/wwwroot/teste.uailove.com.br/wp-content/plugins/facebook-for-woocommerce/includes/ProductSets/ProductSetSync.php(139): WC_Facebookcommerce->get_api()
#1 /www/wwwroot/teste.uailove.com.br/wp-content/plugins/facebook-for-woocommerce/includes/ProductSets/ProductSetSync.php(226): WooCommerce\Facebook\ProductSets\ProductSetSync->get_fb_product_set_id()
#2 /www/wwwroot/teste.uailove.com.br/wp-content/plugins/facebook-for-woocommerce/includes/ProductSets/ProductSetSync.php(107): WooCommerce\Facebook\ProductSets\ProductSetSync->sync_all_wc_product_categories()
#3 /www/wwwroot/teste.uailove.com.br/wp-includes/class-wp-hook.php(341): WooCommerce\Facebook\ProductSets\ProductSetSync->sync_all_product_sets()
#4 /www/wwwroot/teste.uailove.com.br/wp-includes/class-wp-hook.php(365): WP_Hook->apply_filters()
#5 /www/wwwroot/teste.uailove.com.br/wp-includes/plugin.php(570): WP_Hook->do_action()
#6 /www/wwwroot/teste.uailove.com.br/wp-content/plugins/woocommerce/packages/action-scheduler/classes/actions/ActionScheduler_Action.php(86): do_action_ref_array()
#7 /www/wwwroot/teste.uailove.com.br/wp-content/plugins/woocommerce/packages/action-scheduler/classes/abstracts/ActionScheduler_Abstract_QueueRunner.php(103): ActionScheduler_Action->execute()
#8 /www/wwwroot/teste.uailove.com.br/wp-content/plugins/woocommerce/packages/action-scheduler/classes/ActionScheduler_QueueRunner.php(188): ActionScheduler_Abstract_QueueRunner->process_action()
#9 /www/wwwroot/teste.uailove.com.br/wp-content/plugins/woocommerce/packages/action-scheduler/classes/ActionScheduler_QueueRunner.php(158): ActionScheduler_QueueRunner->do_batch()
#10 /www/wwwroot/teste.uailove.com.br/wp-includes/class-wp-hook.php(341): ActionScheduler_QueueRunner->run()
#11 /www/wwwroot/teste.uailove.com.br/wp-includes/class-wp-hook.php(365): WP_Hook->apply_filters()
#12 /www/wwwroot/teste.uailove.com.br/wp-includes/plugin.php(570): WP_Hook->do_action()
#13 /www/wwwroot/teste.uailove.com.br/wp-cron.php(191): do_action_ref_array()
#14 {main}
2026-07-03T13:05:19+00:00 ERROR Error persisting Meta logs: Não foi possível criar a instância da API pois o token de acesso está faltando. : []
2026-07-03T13:14:44+00:00 ERROR Error persisting Meta logs: Não foi possível criar a instância da API pois o token de acesso está faltando. : []
2026-07-03T13:14:49+00:00 ERROR Error persisting Meta logs: Não foi possível criar a instância da API pois o token de acesso está faltando. : []
2026-07-03T14:11:44+00:00 ERROR Error persisting Meta logs: Não foi possível criar a instância da API pois o token de acesso está faltando. : []
2026-07-03T14:11:44+00:00 WARNING Product feed scheduling failed: Integration not configured. : {"flow_name":"product_feed","flow_step":"schedule_feed_generation"}
2026-07-03T14:11:44+00:00 WARNING Language override feed scheduling failed: Integration not configured. : {"flow_name":"language_override_feed","flow_step":"schedule_feed_generation"}
2026-07-03T14:15:02+00:00 ERROR Error persisting Meta logs: Não foi possível criar a instância da API pois o token de acesso está faltando. : []
2026-07-03T14:22:40+00:00 ERROR Error persisting Meta logs: Não foi possível criar a instância da API pois o token de acesso está faltando. : []
2026-07-03T14:25:31+00:00 ERROR Error persisting Meta logs: Não foi possível criar a instância da API pois o token de acesso está faltando. : []
2026-07-03T14:36:39+00:00 ERROR Error persisting Meta logs: Não foi possível criar a instância da API pois o token de acesso está faltando. : []
2026-07-03T14:44:48+00:00 ERROR Error persisting Meta logs: Não foi possível criar a instância da API pois o token de acesso está faltando. : []
2026-07-03T14:51:30+00:00 ERROR Error persisting Meta logs: Não foi possível criar a instância da API pois o token de acesso está faltando. : []
2026-07-03T14:55:01+00:00 ERROR Error persisting Meta logs: Não foi possível criar a instância da API pois o token de acesso está faltando. : []
2026-07-03T15:09:05+00:00 ERROR Error persisting Meta logs: Não foi possível criar a instância da API pois o token de acesso está faltando. : []
2026-07-03T15:10:08+00:00 ERROR Error persisting Meta logs: Não foi possível criar a instância da API pois o token de acesso está faltando. : []
2026-07-03T15:14:53+00:00 ERROR Error persisting Meta logs: Não foi possível criar a instância da API pois o token de acesso está faltando. : []
2026-07-03T15:20:47+00:00 ERROR Error persisting Meta logs: Não foi possível criar a instância da API pois o token de acesso está faltando. : []
2026-07-03T15:34:43+00:00 ERROR Error persisting Meta logs: Não foi possível criar a instância da API pois o token de acesso está faltando. : []
2026-07-03T15:41:03+00:00 ERROR Error persisting Meta logs: Não foi possível criar a instância da API pois o token de acesso está faltando. : []
2026-07-03T15:46:07+00:00 ERROR Error persisting Meta logs: Não foi possível criar a instância da API pois o token de acesso está faltando. : []
2026-07-03T15:57:21+00:00 ERROR Error persisting Meta logs: Não foi possível criar a instância da API pois o token de acesso está faltando. : []
2026-07-03T15:57:21+00:00 ERROR Error persisting Meta logs: Não foi possível criar a instância da API pois o token de acesso está faltando. : []
2026-07-03T16:05:17+00:00 ERROR Error persisting Meta logs: Não foi possível criar a instância da API pois o token de acesso está faltando. : []
2026-07-03T16:05:19+00:00 ERROR Error persisting Meta logs: Não foi possível criar a instância da API pois o token de acesso está faltando. : []
2026-07-03T16:15:12+00:00 WARNING Product feed scheduling failed: Integration not configured. : {"flow_name":"product_feed","flow_step":"schedule_feed_generation"}
2026-07-03T16:15:12+00:00 WARNING Language override feed scheduling failed: Integration not configured. : {"flow_name":"language_override_feed","flow_step":"schedule_feed_generation"}
2026-07-03T16:15:12+00:00 ERROR Error persisting error logs: Não foi possível criar a instância da API pois o token de acesso está faltando. : []
2026-07-03T16:15:12+00:00 ERROR Error persisting Meta logs: Não foi possível criar a instância da API pois o token de acesso está faltando. : []
2026-07-03T16:20:02+00:00 ERROR Error persisting Meta logs: Não foi possível criar a instância da API pois o token de acesso está faltando. : []
2026-07-03T16:24:51+00:00 ERROR Error persisting Meta logs: Não foi possível criar a instância da API pois o token de acesso está faltando. : []
2026-07-03T16:29:50+00:00 ERROR Error persisting Meta logs: Não foi possível criar a instância da API pois o token de acesso está faltando. : []
2026-07-03T16:35:23+00:00 ERROR Error persisting Meta logs: Não foi possível criar a instância da API pois o token de acesso está faltando. : []
2026-07-03T16:44:11+00:00 ERROR Error persisting Meta logs: Não foi possível criar a instância da API pois o token de acesso está faltando. : []
2026-07-03T16:46:23+00:00 ERROR Error persisting Meta logs: Não foi possível criar a instância da API pois o token de acesso está faltando. : []
2026-07-03T16:50:19+00:00 ERROR Error persisting Meta logs: Não foi possível criar a instância da API pois o token de acesso está faltando. : []
2026-07-03T17:06:42+00:00 ERROR Error persisting Meta logs: Não foi possível criar a instância da API pois o token de acesso está faltando. : []
2026-07-03T17:10:23+00:00 ERROR Error persisting Meta logs: Não foi possível criar a instância da API pois o token de acesso está faltando. : []
2026-07-03T17:15:19+00:00 ERROR Error persisting Meta logs: Não foi possível criar a instância da API pois o token de acesso está faltando. : []
2026-07-03T17:22:17+00:00 ERROR Error persisting Meta logs: Não foi possível criar a instância da API pois o token de acesso está faltando. : []
2026-07-03T17:25:41+00:00 ERROR Error persisting Meta logs: Não foi possível criar a instância da API pois o token de acesso está faltando. : []
2026-07-03T17:29:48+00:00 ERROR Error persisting Meta logs: Não foi possível criar a instância da API pois o token de acesso está faltando. : []
2026-07-03T17:35:14+00:00 ERROR Error persisting Meta logs: Não foi possível criar a instância da API pois o token de acesso está faltando. : []
2026-07-03T17:59:29+00:00 ERROR Error persisting Meta logs: Não foi possível criar a instância da API pois o token de acesso está faltando. : []
2026-07-03T17:59:34+00:00 ERROR Error persisting Meta logs: Não foi possível criar a instância da API pois o token de acesso está faltando. : []
2026-07-03T18:11:50+00:00 ERROR Error persisting Meta logs: Não foi possível criar a instância da API pois o token de acesso está faltando. : []
2026-07-03T18:11:50+00:00 WARNING Product feed scheduling failed: Integration not configured. : {"flow_name":"product_feed","flow_step":"schedule_feed_generation"}
2026-07-03T18:11:50+00:00 WARNING Language override feed scheduling failed: Integration not configured. : {"flow_name":"language_override_feed","flow_step":"schedule_feed_generation"}
2026-07-03T18:15:53+00:00 ERROR Error persisting Meta logs: Não foi possível criar a instância da API pois o token de acesso está faltando. : []
2026-07-03T18:21:48+00:00 ERROR Error persisting Meta logs: Não foi possível criar a instância da API pois o token de acesso está faltando. : []
2026-07-03T18:26:18+00:00 ERROR Error persisting Meta logs: Não foi possível criar a instância da API pois o token de acesso está faltando. : []
2026-07-03T18:30:14+00:00 ERROR Error persisting Meta logs: Não foi possível criar a instância da API pois o token de acesso está faltando. : []
2026-07-03T18:34:53+00:00 ERROR Error persisting Meta logs: Não foi possível criar a instância da API pois o token de acesso está faltando. : []
2026-07-03T18:40:44+00:00 ERROR Error persisting Meta logs: Não foi possível criar a instância da API pois o token de acesso está faltando. : []
2026-07-03T18:45:20+00:00 ERROR Error persisting Meta logs: Não foi possível criar a instância da API pois o token de acesso está faltando. : []
2026-07-03T18:49:51+00:00 ERROR Error persisting Meta logs: Não foi possível criar a instância da API pois o token de acesso está faltando. : []
2026-07-03T18:58:24+00:00 ERROR Error persisting Meta logs: Não foi possível criar a instância da API pois o token de acesso está faltando. : []
2026-07-03T19:00:42+00:00 ERROR Error persisting Meta logs: Não foi possível criar a instância da API pois o token de acesso está faltando. : []
2026-07-03T19:07:17+00:00 ERROR Error persisting Meta logs: Não foi possível criar a instância da API pois o token de acesso está faltando. : []
2026-07-03T19:10:19+00:00 ERROR Error persisting Meta logs: Não foi possível criar a instância da API pois o token de acesso está faltando. : []
2026-07-03T19:17:57+00:00 ERROR Error persisting Meta logs: Não foi possível criar a instância da API pois o token de acesso está faltando. : []
2026-07-03T19:21:58+00:00 ERROR Error persisting Meta logs: Não foi possível criar a instância da API pois o token de acesso está faltando. : []
2026-07-03T19:25:52+00:00 ERROR Error persisting Meta logs: Não foi possível criar a instância da API pois o token de acesso está faltando. : []
2026-07-03T19:30:19+00:00 ERROR Error persisting Meta logs: Não foi possível criar a instância da API pois o token de acesso está faltando. : []
2026-07-03T19:35:35+00:00 ERROR Error persisting Meta logs: Não foi possível criar a instância da API pois o token de acesso está faltando. : []
2026-07-03T19:40:36+00:00 ERROR Error persisting Meta logs: Não foi possível criar a instância da API pois o token de acesso está faltando. : []
