2026-07-04T01:18:29+00:00 WARNING Product feed scheduling failed: Integration not configured. : {"flow_name":"product_feed","flow_step":"schedule_feed_generation"}
2026-07-04T01:18:29+00:00 WARNING Language override feed scheduling failed: Integration not configured. : {"flow_name":"language_override_feed","flow_step":"schedule_feed_generation"}
2026-07-04T01:18:29+00:00 ERROR Error persisting error logs: Não foi possível criar a instância da API pois o token de acesso está faltando. : []
2026-07-04T02:51:24+00:00 WARNING Product feed scheduling failed: Integration not configured. : {"flow_name":"product_feed","flow_step":"schedule_feed_generation"}
2026-07-04T02:51:24+00:00 WARNING Language override feed scheduling failed: Integration not configured. : {"flow_name":"language_override_feed","flow_step":"schedule_feed_generation"}
2026-07-04T02:51:26+00:00 ERROR Error persisting Meta logs: Não foi possível criar a instância da API pois o token de acesso está faltando. : []
2026-07-04T03:07:01+00:00 ERROR Error persisting Meta logs: Não foi possível criar a instância da API pois o token de acesso está faltando. : []
2026-07-04T04:14:26+00:00 WARNING Product feed scheduling failed: Integration not configured. : {"flow_name":"product_feed","flow_step":"schedule_feed_generation"}
2026-07-04T04:14:26+00:00 WARNING Language override feed scheduling failed: Integration not configured. : {"flow_name":"language_override_feed","flow_step":"schedule_feed_generation"}
2026-07-04T04:14:26+00:00 ERROR Error persisting Meta logs: Não foi possível criar a instância da API pois o token de acesso está faltando. : []
2026-07-04T04:15:22+00:00 ERROR Error persisting Meta logs: Não foi possível criar a instância da API pois o token de acesso está faltando. : []
2026-07-04T13:48:06+00:00 WARNING Product feed scheduling failed: Integration not configured. : {"flow_name":"product_feed","flow_step":"schedule_feed_generation"}
2026-07-04T13:48:06+00:00 WARNING Language override feed scheduling failed: Integration not configured. : {"flow_name":"language_override_feed","flow_step":"schedule_feed_generation"}
2026-07-04T13:48:06+00:00 ERROR Error persisting error logs: Não foi possível criar a instância da API pois o token de acesso está faltando. : []
2026-07-04T13:48:06+00:00 NOTICE Unable to detect valid feed configuration: No catalog ID
2026-07-04T13:48:06+00:00 NOTICE There was an error trying to get product set data in a catalog: Não foi possível criar a instância da API pois o token de acesso está faltando.
2026-07-04T13:48:06+00:00 ERROR ProductSetSync exception: exception_code : 0; exception_class : WooCommerce\Facebook\Framework\Api\Exception: exception_message : Não foi possível criar a instância da API pois o token de acesso está faltando.; exception_trace : #0 /www/wwwroot/teste.uailove.com.br/wp-content/plugins/facebook-for-woocommerce/includes/ProductSets/ProductSetSync.php(139): WC_Facebookcommerce->get_api()
#1 /www/wwwroot/teste.uailove.com.br/wp-content/plugins/facebook-for-woocommerce/includes/ProductSets/ProductSetSync.php(226): WooCommerce\Facebook\ProductSets\ProductSetSync->get_fb_product_set_id()
#2 /www/wwwroot/teste.uailove.com.br/wp-content/plugins/facebook-for-woocommerce/includes/ProductSets/ProductSetSync.php(107): WooCommerce\Facebook\ProductSets\ProductSetSync->sync_all_wc_product_categories()
#3 /www/wwwroot/teste.uailove.com.br/wp-includes/class-wp-hook.php(341): WooCommerce\Facebook\ProductSets\ProductSetSync->sync_all_product_sets()
#4 /www/wwwroot/teste.uailove.com.br/wp-includes/class-wp-hook.php(365): WP_Hook->apply_filters()
#5 /www/wwwroot/teste.uailove.com.br/wp-includes/plugin.php(570): WP_Hook->do_action()
#6 /www/wwwroot/teste.uailove.com.br/wp-content/plugins/woocommerce/packages/action-scheduler/classes/actions/ActionScheduler_Action.php(86): do_action_ref_array()
#7 /www/wwwroot/teste.uailove.com.br/wp-content/plugins/woocommerce/packages/action-scheduler/classes/abstracts/ActionScheduler_Abstract_QueueRunner.php(103): ActionScheduler_Action->execute()
#8 /www/wwwroot/teste.uailove.com.br/wp-content/plugins/woocommerce/packages/action-scheduler/classes/ActionScheduler_QueueRunner.php(188): ActionScheduler_Abstract_QueueRunner->process_action()
#9 /www/wwwroot/teste.uailove.com.br/wp-content/plugins/woocommerce/packages/action-scheduler/classes/ActionScheduler_QueueRunner.php(158): ActionScheduler_QueueRunner->do_batch()
#10 /www/wwwroot/teste.uailove.com.br/wp-includes/class-wp-hook.php(341): ActionScheduler_QueueRunner->run()
#11 /www/wwwroot/teste.uailove.com.br/wp-includes/class-wp-hook.php(365): WP_Hook->apply_filters()
#12 /www/wwwroot/teste.uailove.com.br/wp-includes/plugin.php(570): WP_Hook->do_action()
#13 /www/wwwroot/teste.uailove.com.br/wp-cron.php(191): do_action_ref_array()
#14 {main}
2026-07-04T13:48:06+00:00 NOTICE There was an error trying to get product set data in a catalog: Não foi possível criar a instância da API pois o token de acesso está faltando.
2026-07-04T13:48:06+00:00 ERROR ProductSetSync exception: exception_code : 0; exception_class : WooCommerce\Facebook\Framework\Api\Exception: exception_message : Não foi possível criar a instância da API pois o token de acesso está faltando.; exception_trace : #0 /www/wwwroot/teste.uailove.com.br/wp-content/plugins/facebook-for-woocommerce/includes/ProductSets/ProductSetSync.php(139): WC_Facebookcommerce->get_api()
#1 /www/wwwroot/teste.uailove.com.br/wp-content/plugins/facebook-for-woocommerce/includes/ProductSets/ProductSetSync.php(226): WooCommerce\Facebook\ProductSets\ProductSetSync->get_fb_product_set_id()
#2 /www/wwwroot/teste.uailove.com.br/wp-content/plugins/facebook-for-woocommerce/includes/ProductSets/ProductSetSync.php(107): WooCommerce\Facebook\ProductSets\ProductSetSync->sync_all_wc_product_categories()
#3 /www/wwwroot/teste.uailove.com.br/wp-includes/class-wp-hook.php(341): WooCommerce\Facebook\ProductSets\ProductSetSync->sync_all_product_sets()
#4 /www/wwwroot/teste.uailove.com.br/wp-includes/class-wp-hook.php(365): WP_Hook->apply_filters()
#5 /www/wwwroot/teste.uailove.com.br/wp-includes/plugin.php(570): WP_Hook->do_action()
#6 /www/wwwroot/teste.uailove.com.br/wp-content/plugins/woocommerce/packages/action-scheduler/classes/actions/ActionScheduler_Action.php(86): do_action_ref_array()
#7 /www/wwwroot/teste.uailove.com.br/wp-content/plugins/woocommerce/packages/action-scheduler/classes/abstracts/ActionScheduler_Abstract_QueueRunner.php(103): ActionScheduler_Action->execute()
#8 /www/wwwroot/teste.uailove.com.br/wp-content/plugins/woocommerce/packages/action-scheduler/classes/ActionScheduler_QueueRunner.php(188): ActionScheduler_Abstract_QueueRunner->process_action()
#9 /www/wwwroot/teste.uailove.com.br/wp-content/plugins/woocommerce/packages/action-scheduler/classes/ActionScheduler_QueueRunner.php(158): ActionScheduler_QueueRunner->do_batch()
#10 /www/wwwroot/teste.uailove.com.br/wp-includes/class-wp-hook.php(341): ActionScheduler_QueueRunner->run()
#11 /www/wwwroot/teste.uailove.com.br/wp-includes/class-wp-hook.php(365): WP_Hook->apply_filters()
#12 /www/wwwroot/teste.uailove.com.br/wp-includes/plugin.php(570): WP_Hook->do_action()
#13 /www/wwwroot/teste.uailove.com.br/wp-cron.php(191): do_action_ref_array()
#14 {main}
2026-07-04T13:48:06+00:00 NOTICE There was an error trying to get product set data in a catalog: Não foi possível criar a instância da API pois o token de acesso está faltando.
2026-07-04T13:48:06+00:00 ERROR ProductSetSync exception: exception_code : 0; exception_class : WooCommerce\Facebook\Framework\Api\Exception: exception_message : Não foi possível criar a instância da API pois o token de acesso está faltando.; exception_trace : #0 /www/wwwroot/teste.uailove.com.br/wp-content/plugins/facebook-for-woocommerce/includes/ProductSets/ProductSetSync.php(139): WC_Facebookcommerce->get_api()
#1 /www/wwwroot/teste.uailove.com.br/wp-content/plugins/facebook-for-woocommerce/includes/ProductSets/ProductSetSync.php(226): WooCommerce\Facebook\ProductSets\ProductSetSync->get_fb_product_set_id()
#2 /www/wwwroot/teste.uailove.com.br/wp-content/plugins/facebook-for-woocommerce/includes/ProductSets/ProductSetSync.php(107): WooCommerce\Facebook\ProductSets\ProductSetSync->sync_all_wc_product_categories()
#3 /www/wwwroot/teste.uailove.com.br/wp-includes/class-wp-hook.php(341): WooCommerce\Facebook\ProductSets\ProductSetSync->sync_all_product_sets()
#4 /www/wwwroot/teste.uailove.com.br/wp-includes/class-wp-hook.php(365): WP_Hook->apply_filters()
#5 /www/wwwroot/teste.uailove.com.br/wp-includes/plugin.php(570): WP_Hook->do_action()
#6 /www/wwwroot/teste.uailove.com.br/wp-content/plugins/woocommerce/packages/action-scheduler/classes/actions/ActionScheduler_Action.php(86): do_action_ref_array()
#7 /www/wwwroot/teste.uailove.com.br/wp-content/plugins/woocommerce/packages/action-scheduler/classes/abstracts/ActionScheduler_Abstract_QueueRunner.php(103): ActionScheduler_Action->execute()
#8 /www/wwwroot/teste.uailove.com.br/wp-content/plugins/woocommerce/packages/action-scheduler/classes/ActionScheduler_QueueRunner.php(188): ActionScheduler_Abstract_QueueRunner->process_action()
#9 /www/wwwroot/teste.uailove.com.br/wp-content/plugins/woocommerce/packages/action-scheduler/classes/ActionScheduler_QueueRunner.php(158): ActionScheduler_QueueRunner->do_batch()
#10 /www/wwwroot/teste.uailove.com.br/wp-includes/class-wp-hook.php(341): ActionScheduler_QueueRunner->run()
#11 /www/wwwroot/teste.uailove.com.br/wp-includes/class-wp-hook.php(365): WP_Hook->apply_filters()
#12 /www/wwwroot/teste.uailove.com.br/wp-includes/plugin.php(570): WP_Hook->do_action()
#13 /www/wwwroot/teste.uailove.com.br/wp-cron.php(191): do_action_ref_array()
#14 {main}
2026-07-04T13:48:06+00:00 NOTICE There was an error trying to get product set data in a catalog: Não foi possível criar a instância da API pois o token de acesso está faltando.
2026-07-04T13:48:06+00:00 ERROR ProductSetSync exception: exception_code : 0; exception_class : WooCommerce\Facebook\Framework\Api\Exception: exception_message : Não foi possível criar a instância da API pois o token de acesso está faltando.; exception_trace : #0 /www/wwwroot/teste.uailove.com.br/wp-content/plugins/facebook-for-woocommerce/includes/ProductSets/ProductSetSync.php(139): WC_Facebookcommerce->get_api()
#1 /www/wwwroot/teste.uailove.com.br/wp-content/plugins/facebook-for-woocommerce/includes/ProductSets/ProductSetSync.php(226): WooCommerce\Facebook\ProductSets\ProductSetSync->get_fb_product_set_id()
#2 /www/wwwroot/teste.uailove.com.br/wp-content/plugins/facebook-for-woocommerce/includes/ProductSets/ProductSetSync.php(107): WooCommerce\Facebook\ProductSets\ProductSetSync->sync_all_wc_product_categories()
#3 /www/wwwroot/teste.uailove.com.br/wp-includes/class-wp-hook.php(341): WooCommerce\Facebook\ProductSets\ProductSetSync->sync_all_product_sets()
#4 /www/wwwroot/teste.uailove.com.br/wp-includes/class-wp-hook.php(365): WP_Hook->apply_filters()
#5 /www/wwwroot/teste.uailove.com.br/wp-includes/plugin.php(570): WP_Hook->do_action()
#6 /www/wwwroot/teste.uailove.com.br/wp-content/plugins/woocommerce/packages/action-scheduler/classes/actions/ActionScheduler_Action.php(86): do_action_ref_array()
#7 /www/wwwroot/teste.uailove.com.br/wp-content/plugins/woocommerce/packages/action-scheduler/classes/abstracts/ActionScheduler_Abstract_QueueRunner.php(103): ActionScheduler_Action->execute()
#8 /www/wwwroot/teste.uailove.com.br/wp-content/plugins/woocommerce/packages/action-scheduler/classes/ActionScheduler_QueueRunner.php(188): ActionScheduler_Abstract_QueueRunner->process_action()
#9 /www/wwwroot/teste.uailove.com.br/wp-content/plugins/woocommerce/packages/action-scheduler/classes/ActionScheduler_QueueRunner.php(158): ActionScheduler_QueueRunner->do_batch()
#10 /www/wwwroot/teste.uailove.com.br/wp-includes/class-wp-hook.php(341): ActionScheduler_QueueRunner->run()
#11 /www/wwwroot/teste.uailove.com.br/wp-includes/class-wp-hook.php(365): WP_Hook->apply_filters()
#12 /www/wwwroot/teste.uailove.com.br/wp-includes/plugin.php(570): WP_Hook->do_action()
#13 /www/wwwroot/teste.uailove.com.br/wp-cron.php(191): do_action_ref_array()
#14 {main}
2026-07-04T13:48:06+00:00 NOTICE There was an error trying to get product set data in a catalog: Não foi possível criar a instância da API pois o token de acesso está faltando.
2026-07-04T13:48:06+00:00 ERROR ProductSetSync exception: exception_code : 0; exception_class : WooCommerce\Facebook\Framework\Api\Exception: exception_message : Não foi possível criar a instância da API pois o token de acesso está faltando.; exception_trace : #0 /www/wwwroot/teste.uailove.com.br/wp-content/plugins/facebook-for-woocommerce/includes/ProductSets/ProductSetSync.php(139): WC_Facebookcommerce->get_api()
#1 /www/wwwroot/teste.uailove.com.br/wp-content/plugins/facebook-for-woocommerce/includes/ProductSets/ProductSetSync.php(226): WooCommerce\Facebook\ProductSets\ProductSetSync->get_fb_product_set_id()
#2 /www/wwwroot/teste.uailove.com.br/wp-content/plugins/facebook-for-woocommerce/includes/ProductSets/ProductSetSync.php(107): WooCommerce\Facebook\ProductSets\ProductSetSync->sync_all_wc_product_categories()
#3 /www/wwwroot/teste.uailove.com.br/wp-includes/class-wp-hook.php(341): WooCommerce\Facebook\ProductSets\ProductSetSync->sync_all_product_sets()
#4 /www/wwwroot/teste.uailove.com.br/wp-includes/class-wp-hook.php(365): WP_Hook->apply_filters()
#5 /www/wwwroot/teste.uailove.com.br/wp-includes/plugin.php(570): WP_Hook->do_action()
#6 /www/wwwroot/teste.uailove.com.br/wp-content/plugins/woocommerce/packages/action-scheduler/classes/actions/ActionScheduler_Action.php(86): do_action_ref_array()
#7 /www/wwwroot/teste.uailove.com.br/wp-content/plugins/woocommerce/packages/action-scheduler/classes/abstracts/ActionScheduler_Abstract_QueueRunner.php(103): ActionScheduler_Action->execute()
#8 /www/wwwroot/teste.uailove.com.br/wp-content/plugins/woocommerce/packages/action-scheduler/classes/ActionScheduler_QueueRunner.php(188): ActionScheduler_Abstract_QueueRunner->process_action()
#9 /www/wwwroot/teste.uailove.com.br/wp-content/plugins/woocommerce/packages/action-scheduler/classes/ActionScheduler_QueueRunner.php(158): ActionScheduler_QueueRunner->do_batch()
#10 /www/wwwroot/teste.uailove.com.br/wp-includes/class-wp-hook.php(341): ActionScheduler_QueueRunner->run()
#11 /www/wwwroot/teste.uailove.com.br/wp-includes/class-wp-hook.php(365): WP_Hook->apply_filters()
#12 /www/wwwroot/teste.uailove.com.br/wp-includes/plugin.php(570): WP_Hook->do_action()
#13 /www/wwwroot/teste.uailove.com.br/wp-cron.php(191): do_action_ref_array()
#14 {main}
2026-07-04T13:48:08+00:00 ERROR Error persisting Meta logs: Não foi possível criar a instância da API pois o token de acesso está faltando. : []
2026-07-04T13:50:56+00:00 ERROR Error persisting Meta logs: Não foi possível criar a instância da API pois o token de acesso está faltando. : []
2026-07-04T13:55:26+00:00 ERROR Error persisting Meta logs: Não foi possível criar a instância da API pois o token de acesso está faltando. : []
2026-07-04T13:59:58+00:00 ERROR Error persisting Meta logs: Não foi possível criar a instância da API pois o token de acesso está faltando. : []
2026-07-04T14:10:00+00:00 ERROR Error persisting Meta logs: Não foi possível criar a instância da API pois o token de acesso está faltando. : []
2026-07-04T14:15:29+00:00 ERROR Error persisting Meta logs: Não foi possível criar a instância da API pois o token de acesso está faltando. : []
2026-07-04T14:22:18+00:00 ERROR Error persisting Meta logs: Não foi possível criar a instância da API pois o token de acesso está faltando. : []
2026-07-04T14:46:04+00:00 ERROR Error persisting Meta logs: Não foi possível criar a instância da API pois o token de acesso está faltando. : []
2026-07-04T14:50:28+00:00 ERROR Error persisting Meta logs: Não foi possível criar a instância da API pois o token de acesso está faltando. : []
2026-07-04T15:10:02+00:00 WARNING Product feed scheduling failed: Integration not configured. : {"flow_name":"product_feed","flow_step":"schedule_feed_generation"}
2026-07-04T15:10:02+00:00 WARNING Language override feed scheduling failed: Integration not configured. : {"flow_name":"language_override_feed","flow_step":"schedule_feed_generation"}
2026-07-04T15:10:02+00:00 ERROR Error persisting error logs: Não foi possível criar a instância da API pois o token de acesso está faltando. : []
2026-07-04T15:10:02+00:00 ERROR Error persisting Meta logs: Não foi possível criar a instância da API pois o token de acesso está faltando. : []
2026-07-04T15:16:17+00:00 ERROR Error persisting Meta logs: Não foi possível criar a instância da API pois o token de acesso está faltando. : []
2026-07-04T15:19:38+00:00 ERROR Error persisting Meta logs: Não foi possível criar a instância da API pois o token de acesso está faltando. : []
2026-07-04T15:39:01+00:00 ERROR Error persisting Meta logs: Não foi possível criar a instância da API pois o token de acesso está faltando. : []
2026-07-04T15:41:12+00:00 ERROR Error persisting Meta logs: Não foi possível criar a instância da API pois o token de acesso está faltando. : []
2026-07-04T15:45:18+00:00 ERROR Error persisting Meta logs: Não foi possível criar a instância da API pois o token de acesso está faltando. : []
2026-07-04T15:50:18+00:00 ERROR Error persisting Meta logs: Não foi possível criar a instância da API pois o token de acesso está faltando. : []
2026-07-04T15:55:59+00:00 ERROR Error persisting Meta logs: Não foi possível criar a instância da API pois o token de acesso está faltando. : []
2026-07-04T16:00:29+00:00 ERROR Error persisting Meta logs: Não foi possível criar a instância da API pois o token de acesso está faltando. : []
2026-07-04T16:49:31+00:00 ERROR Error persisting Meta logs: Não foi possível criar a instância da API pois o token de acesso está faltando. : []
2026-07-04T16:49:31+00:00 WARNING Product feed scheduling failed: Integration not configured. : {"flow_name":"product_feed","flow_step":"schedule_feed_generation"}
2026-07-04T16:49:31+00:00 WARNING Language override feed scheduling failed: Integration not configured. : {"flow_name":"language_override_feed","flow_step":"schedule_feed_generation"}
2026-07-04T16:49:32+00:00 ERROR Error persisting Meta logs: Não foi possível criar a instância da API pois o token de acesso está faltando. : []
2026-07-04T17:14:09+00:00 ERROR Error persisting Meta logs: Não foi possível criar a instância da API pois o token de acesso está faltando. : []
2026-07-04T17:14:54+00:00 ERROR Error persisting Meta logs: Não foi possível criar a instância da API pois o token de acesso está faltando. : []
2026-07-04T17:16:10+00:00 ERROR Error persisting Meta logs: Não foi possível criar a instância da API pois o token de acesso está faltando. : []
2026-07-04T17:27:57+00:00 ERROR Error persisting Meta logs: Não foi possível criar a instância da API pois o token de acesso está faltando. : []
2026-07-04T17:27:57+00:00 ERROR Error persisting Meta logs: Não foi possível criar a instância da API pois o token de acesso está faltando. : []
2026-07-04T18:00:12+00:00 ERROR Error persisting Meta logs: Não foi possível criar a instância da API pois o token de acesso está faltando. : []
2026-07-04T18:00:17+00:00 ERROR Error persisting Meta logs: Não foi possível criar a instância da API pois o token de acesso está faltando. : []
2026-07-04T18:31:02+00:00 ERROR Error persisting Meta logs: Não foi possível criar a instância da API pois o token de acesso está faltando. : []
2026-07-04T18:31:03+00:00 WARNING Product feed scheduling failed: Integration not configured. : {"flow_name":"product_feed","flow_step":"schedule_feed_generation"}
2026-07-04T18:31:03+00:00 WARNING Language override feed scheduling failed: Integration not configured. : {"flow_name":"language_override_feed","flow_step":"schedule_feed_generation"}
2026-07-04T18:31:03+00:00 ERROR Error persisting error logs: Não foi possível criar a instância da API pois o token de acesso está faltando. : []
2026-07-04T18:31:05+00:00 ERROR Error persisting Meta logs: Não foi possível criar a instância da API pois o token de acesso está faltando. : []
2026-07-04T18:48:57+00:00 ERROR Error persisting Meta logs: Não foi possível criar a instância da API pois o token de acesso está faltando. : []
2026-07-04T20:11:36+00:00 WARNING Product feed scheduling failed: Integration not configured. : {"flow_name":"product_feed","flow_step":"schedule_feed_generation"}
2026-07-04T20:11:36+00:00 WARNING Language override feed scheduling failed: Integration not configured. : {"flow_name":"language_override_feed","flow_step":"schedule_feed_generation"}
2026-07-04T20:20:29+00:00 ERROR Error persisting Meta logs: Não foi possível criar a instância da API pois o token de acesso está faltando. : []
2026-07-04T21:36:22+00:00 WARNING Product feed scheduling failed: Integration not configured. : {"flow_name":"product_feed","flow_step":"schedule_feed_generation"}
2026-07-04T21:36:22+00:00 WARNING Language override feed scheduling failed: Integration not configured. : {"flow_name":"language_override_feed","flow_step":"schedule_feed_generation"}
2026-07-04T21:36:22+00:00 ERROR Error persisting error logs: Não foi possível criar a instância da API pois o token de acesso está faltando. : []
2026-07-04T21:49:19+00:00 ERROR Error persisting Meta logs: Não foi possível criar a instância da API pois o token de acesso está faltando. : []
2026-07-04T22:00:43+00:00 ERROR Error persisting Meta logs: Não foi possível criar a instância da API pois o token de acesso está faltando. : []
2026-07-04T22:31:55+00:00 ERROR Error persisting Meta logs: Não foi possível criar a instância da API pois o token de acesso está faltando. : []
2026-07-04T22:34:52+00:00 ERROR Error persisting Meta logs: Não foi possível criar a instância da API pois o token de acesso está faltando. : []
2026-07-04T22:34:52+00:00 ERROR Error persisting Meta logs: Não foi possível criar a instância da API pois o token de acesso está faltando. : []
2026-07-04T22:42:01+00:00 ERROR Error persisting Meta logs: Não foi possível criar a instância da API pois o token de acesso está faltando. : []
2026-07-04T23:14:10+00:00 ERROR Error persisting Meta logs: Não foi possível criar a instância da API pois o token de acesso está faltando. : []
2026-07-04T23:14:10+00:00 ERROR Error persisting Meta logs: Não foi possível criar a instância da API pois o token de acesso está faltando. : []
2026-07-04T23:14:10+00:00 WARNING Product feed scheduling failed: Integration not configured. : {"flow_name":"product_feed","flow_step":"schedule_feed_generation"}
2026-07-04T23:14:11+00:00 WARNING Language override feed scheduling failed: Integration not configured. : {"flow_name":"language_override_feed","flow_step":"schedule_feed_generation"}
2026-07-04T23:15:43+00:00 ERROR Error persisting Meta logs: Não foi possível criar a instância da API pois o token de acesso está faltando. : []
2026-07-04T23:21:01+00:00 ERROR Error persisting Meta logs: Não foi possível criar a instância da API pois o token de acesso está faltando. : []
2026-07-04T23:28:28+00:00 ERROR Error persisting Meta logs: Não foi possível criar a instância da API pois o token de acesso está faltando. : []
2026-07-04T23:30:09+00:00 ERROR Error persisting Meta logs: Não foi possível criar a instância da API pois o token de acesso está faltando. : []
2026-07-04T23:37:48+00:00 ERROR Error persisting Meta logs: Não foi possível criar a instância da API pois o token de acesso está faltando. : []
2026-07-04T23:40:27+00:00 ERROR Error persisting Meta logs: Não foi possível criar a instância da API pois o token de acesso está faltando. : []
2026-07-04T23:45:19+00:00 ERROR Error persisting Meta logs: Não foi possível criar a instância da API pois o token de acesso está faltando. : []
2026-07-04T23:52:59+00:00 ERROR Error persisting Meta logs: Não foi possível criar a instância da API pois o token de acesso está faltando. : []
2026-07-04T23:56:08+00:00 ERROR Error persisting Meta logs: Não foi possível criar a instância da API pois o token de acesso está faltando. : []
