2026-07-05T00:01:25+00:00 ERROR Error persisting Meta logs: Não foi possível criar a instância da API pois o token de acesso está faltando. : []
2026-07-05T00:04:36+00:00 ERROR Error persisting Meta logs: Não foi possível criar a instância da API pois o token de acesso está faltando. : []
2026-07-05T00:12:32+00:00 ERROR Error persisting Meta logs: Não foi possível criar a instância da API pois o token de acesso está faltando. : []
2026-07-05T00:21:07+00:00 ERROR Error persisting Meta logs: Não foi possível criar a instância da API pois o token de acesso está faltando. : []
2026-07-05T00:21:09+00:00 ERROR Error persisting Meta logs: Não foi possível criar a instância da API pois o token de acesso está faltando. : []
2026-07-05T00:25:33+00:00 ERROR Error persisting Meta logs: Não foi possível criar a instância da API pois o token de acesso está faltando. : []
2026-07-05T00:31:31+00:00 ERROR Error persisting Meta logs: Não foi possível criar a instância da API pois o token de acesso está faltando. : []
2026-07-05T00:36:19+00:00 ERROR Error persisting Meta logs: Não foi possível criar a instância da API pois o token de acesso está faltando. : []
2026-07-05T00:47:26+00:00 ERROR Error persisting Meta logs: Não foi possível criar a instância da API pois o token de acesso está faltando. : []
2026-07-05T00:50:14+00:00 ERROR Error persisting Meta logs: Não foi possível criar a instância da API pois o token de acesso está faltando. : []
2026-07-05T01:01:38+00:00 ERROR Error persisting Meta logs: Não foi possível criar a instância da API pois o token de acesso está faltando. : []
2026-07-05T01:12:39+00:00 ERROR Error persisting Meta logs: Não foi possível criar a instância da API pois o token de acesso está faltando. : []
2026-07-05T01:12:40+00:00 WARNING Product feed scheduling failed: Integration not configured. : {"flow_name":"product_feed","flow_step":"schedule_feed_generation"}
2026-07-05T01:12:40+00:00 WARNING Language override feed scheduling failed: Integration not configured. : {"flow_name":"language_override_feed","flow_step":"schedule_feed_generation"}
2026-07-05T01:12:40+00:00 ERROR Error persisting error logs: Não foi possível criar a instância da API pois o token de acesso está faltando. : []
2026-07-05T01:12:40+00:00 ERROR Error persisting Meta logs: Não foi possível criar a instância da API pois o token de acesso está faltando. : []
2026-07-05T01:15:18+00:00 ERROR Error persisting Meta logs: Não foi possível criar a instância da API pois o token de acesso está faltando. : []
2026-07-05T01:20:20+00:00 ERROR Error persisting Meta logs: Não foi possível criar a instância da API pois o token de acesso está faltando. : []
2026-07-05T01:24:37+00:00 ERROR Error persisting Meta logs: Não foi possível criar a instância da API pois o token de acesso está faltando. : []
2026-07-05T01:41:26+00:00 ERROR Error persisting Meta logs: Não foi possível criar a instância da API pois o token de acesso está faltando. : []
2026-07-05T01:45:32+00:00 ERROR Error persisting Meta logs: Não foi possível criar a instância da API pois o token de acesso está faltando. : []
2026-07-05T02:05:29+00:00 ERROR Error persisting Meta logs: Não foi possível criar a instância da API pois o token de acesso está faltando. : []
2026-07-05T02:16:37+00:00 ERROR Error persisting Meta logs: Não foi possível criar a instância da API pois o token de acesso está faltando. : []
2026-07-05T02:16:42+00:00 WARNING Product feed scheduling failed: Integration not configured. : {"flow_name":"product_feed","flow_step":"schedule_feed_generation"}
2026-07-05T02:16:42+00:00 WARNING Language override feed scheduling failed: Integration not configured. : {"flow_name":"language_override_feed","flow_step":"schedule_feed_generation"}
2026-07-05T02:16:42+00:00 ERROR Error persisting Meta logs: Não foi possível criar a instância da API pois o token de acesso está faltando. : []
2026-07-05T04:12:26+00:00 WARNING Product feed scheduling failed: Integration not configured. : {"flow_name":"product_feed","flow_step":"schedule_feed_generation"}
2026-07-05T04:12:26+00:00 WARNING Language override feed scheduling failed: Integration not configured. : {"flow_name":"language_override_feed","flow_step":"schedule_feed_generation"}
2026-07-05T04:13:18+00:00 ERROR Error persisting Meta logs: Não foi possível criar a instância da API pois o token de acesso está faltando. : []
2026-07-05T04:13:18+00:00 ERROR Error persisting error logs: Não foi possível criar a instância da API pois o token de acesso está faltando. : []
2026-07-05T05:58:27+00:00 WARNING Product feed scheduling failed: Integration not configured. : {"flow_name":"product_feed","flow_step":"schedule_feed_generation"}
2026-07-05T05:58:27+00:00 WARNING Language override feed scheduling failed: Integration not configured. : {"flow_name":"language_override_feed","flow_step":"schedule_feed_generation"}
2026-07-05T06:09:10+00:00 ERROR Error persisting Meta logs: Não foi possível criar a instância da API pois o token de acesso está faltando. : []
2026-07-05T06:13:37+00:00 ERROR Error persisting Meta logs: Não foi possível criar a instância da API pois o token de acesso está faltando. : []
2026-07-05T06:15:06+00:00 ERROR Error persisting Meta logs: Não foi possível criar a instância da API pois o token de acesso está faltando. : []
2026-07-05T06:35:56+00:00 ERROR Error persisting Meta logs: Não foi possível criar a instância da API pois o token de acesso está faltando. : []
2026-07-05T06:49:38+00:00 ERROR Error persisting Meta logs: Não foi possível criar a instância da API pois o token de acesso está faltando. : []
2026-07-05T07:17:45+00:00 ERROR Error persisting Meta logs: Não foi possível criar a instância da API pois o token de acesso está faltando. : []
2026-07-05T07:23:38+00:00 ERROR Error persisting Meta logs: Não foi possível criar a instância da API pois o token de acesso está faltando. : []
2026-07-05T07:23:38+00:00 WARNING Product feed scheduling failed: Integration not configured. : {"flow_name":"product_feed","flow_step":"schedule_feed_generation"}
2026-07-05T07:23:38+00:00 WARNING Language override feed scheduling failed: Integration not configured. : {"flow_name":"language_override_feed","flow_step":"schedule_feed_generation"}
2026-07-05T07:23:38+00:00 ERROR Error persisting error logs: Não foi possível criar a instância da API pois o token de acesso está faltando. : []
2026-07-05T07:27:05+00:00 ERROR Error persisting Meta logs: Não foi possível criar a instância da API pois o token de acesso está faltando. : []
2026-07-05T07:32:21+00:00 ERROR Error persisting Meta logs: Não foi possível criar a instância da API pois o token de acesso está faltando. : []
2026-07-05T07:39:38+00:00 ERROR Error persisting Meta logs: Não foi possível criar a instância da API pois o token de acesso está faltando. : []
2026-07-05T09:45:36+00:00 WARNING Product feed scheduling failed: Integration not configured. : {"flow_name":"product_feed","flow_step":"schedule_feed_generation"}
2026-07-05T09:45:36+00:00 WARNING Language override feed scheduling failed: Integration not configured. : {"flow_name":"language_override_feed","flow_step":"schedule_feed_generation"}
2026-07-05T09:47:08+00:00 ERROR Error persisting Meta logs: Não foi possível criar a instância da API pois o token de acesso está faltando. : []
2026-07-05T10:28:16+00:00 ERROR Error persisting Meta logs: Não foi possível criar a instância da API pois o token de acesso está faltando. : []
2026-07-05T10:28:16+00:00 ERROR Error persisting error logs: Não foi possível criar a instância da API pois o token de acesso está faltando. : []
2026-07-05T11:02:29+00:00 ERROR Error persisting Meta logs: Não foi possível criar a instância da API pois o token de acesso está faltando. : []
2026-07-05T11:22:21+00:00 ERROR Error persisting Meta logs: Não foi possível criar a instância da API pois o token de acesso está faltando. : []
2026-07-05T11:39:09+00:00 ERROR Error persisting Meta logs: Não foi possível criar a instância da API pois o token de acesso está faltando. : []
2026-07-05T11:39:09+00:00 WARNING Product feed scheduling failed: Integration not configured. : {"flow_name":"product_feed","flow_step":"schedule_feed_generation"}
2026-07-05T11:39:09+00:00 WARNING Language override feed scheduling failed: Integration not configured. : {"flow_name":"language_override_feed","flow_step":"schedule_feed_generation"}
2026-07-05T12:55:58+00:00 NOTICE Unable to detect valid feed configuration: No catalog ID
2026-07-05T12:55:58+00:00 NOTICE There was an error trying to get product set data in a catalog: Não foi possível criar a instância da API pois o token de acesso está faltando.
2026-07-05T12:55:58+00:00 ERROR ProductSetSync exception: exception_code : 0; exception_class : WooCommerce\Facebook\Framework\Api\Exception: exception_message : Não foi possível criar a instância da API pois o token de acesso está faltando.; exception_trace : #0 /www/wwwroot/app.uailove.com.br/wp-content/plugins/facebook-for-woocommerce/includes/ProductSets/ProductSetSync.php(139): WC_Facebookcommerce->get_api()
#1 /www/wwwroot/app.uailove.com.br/wp-content/plugins/facebook-for-woocommerce/includes/ProductSets/ProductSetSync.php(226): WooCommerce\Facebook\ProductSets\ProductSetSync->get_fb_product_set_id()
#2 /www/wwwroot/app.uailove.com.br/wp-content/plugins/facebook-for-woocommerce/includes/ProductSets/ProductSetSync.php(107): WooCommerce\Facebook\ProductSets\ProductSetSync->sync_all_wc_product_categories()
#3 /www/wwwroot/app.uailove.com.br/wp-includes/class-wp-hook.php(341): WooCommerce\Facebook\ProductSets\ProductSetSync->sync_all_product_sets()
#4 /www/wwwroot/app.uailove.com.br/wp-includes/class-wp-hook.php(365): WP_Hook->apply_filters()
#5 /www/wwwroot/app.uailove.com.br/wp-includes/plugin.php(570): WP_Hook->do_action()
#6 /www/wwwroot/app.uailove.com.br/wp-content/plugins/woocommerce/packages/action-scheduler/classes/actions/ActionScheduler_Action.php(86): do_action_ref_array()
#7 /www/wwwroot/app.uailove.com.br/wp-content/plugins/woocommerce/packages/action-scheduler/classes/abstracts/ActionScheduler_Abstract_QueueRunner.php(103): ActionScheduler_Action->execute()
#8 /www/wwwroot/app.uailove.com.br/wp-content/plugins/woocommerce/packages/action-scheduler/classes/ActionScheduler_QueueRunner.php(188): ActionScheduler_Abstract_QueueRunner->process_action()
#9 /www/wwwroot/app.uailove.com.br/wp-content/plugins/woocommerce/packages/action-scheduler/classes/ActionScheduler_QueueRunner.php(158): ActionScheduler_QueueRunner->do_batch()
#10 /www/wwwroot/app.uailove.com.br/wp-includes/class-wp-hook.php(341): ActionScheduler_QueueRunner->run()
#11 /www/wwwroot/app.uailove.com.br/wp-includes/class-wp-hook.php(365): WP_Hook->apply_filters()
#12 /www/wwwroot/app.uailove.com.br/wp-includes/plugin.php(522): WP_Hook->do_action()
#13 /www/wwwroot/app.uailove.com.br/wp-content/plugins/woocommerce/packages/action-scheduler/classes/ActionScheduler_AsyncRequest_QueueRunner.php(48): do_action()
#14 /www/wwwroot/app.uailove.com.br/wp-content/plugins/woocommerce/includes/libraries/wp-async-request.php(147): ActionScheduler_AsyncRequest_QueueRunner->handle()
#15 /www/wwwroot/app.uailove.com.br/wp-includes/class-wp-hook.php(341): WP_Async_Request->maybe_handle()
#16 /www/wwwroot/app.uailove.com.br/wp-includes/class-wp-hook.php(365): WP_Hook->apply_filters()
#17 /www/wwwroot/app.uailove.com.br/wp-includes/plugin.php(522): WP_Hook->do_action()
#18 /www/wwwroot/app.uailove.com.br/wp-admin/admin-ajax.php(207): do_action()
#19 {main}
2026-07-05T12:55:58+00:00 NOTICE There was an error trying to get product set data in a catalog: Não foi possível criar a instância da API pois o token de acesso está faltando.
2026-07-05T12:55:58+00:00 ERROR ProductSetSync exception: exception_code : 0; exception_class : WooCommerce\Facebook\Framework\Api\Exception: exception_message : Não foi possível criar a instância da API pois o token de acesso está faltando.; exception_trace : #0 /www/wwwroot/app.uailove.com.br/wp-content/plugins/facebook-for-woocommerce/includes/ProductSets/ProductSetSync.php(139): WC_Facebookcommerce->get_api()
#1 /www/wwwroot/app.uailove.com.br/wp-content/plugins/facebook-for-woocommerce/includes/ProductSets/ProductSetSync.php(226): WooCommerce\Facebook\ProductSets\ProductSetSync->get_fb_product_set_id()
#2 /www/wwwroot/app.uailove.com.br/wp-content/plugins/facebook-for-woocommerce/includes/ProductSets/ProductSetSync.php(107): WooCommerce\Facebook\ProductSets\ProductSetSync->sync_all_wc_product_categories()
#3 /www/wwwroot/app.uailove.com.br/wp-includes/class-wp-hook.php(341): WooCommerce\Facebook\ProductSets\ProductSetSync->sync_all_product_sets()
#4 /www/wwwroot/app.uailove.com.br/wp-includes/class-wp-hook.php(365): WP_Hook->apply_filters()
#5 /www/wwwroot/app.uailove.com.br/wp-includes/plugin.php(570): WP_Hook->do_action()
#6 /www/wwwroot/app.uailove.com.br/wp-content/plugins/woocommerce/packages/action-scheduler/classes/actions/ActionScheduler_Action.php(86): do_action_ref_array()
#7 /www/wwwroot/app.uailove.com.br/wp-content/plugins/woocommerce/packages/action-scheduler/classes/abstracts/ActionScheduler_Abstract_QueueRunner.php(103): ActionScheduler_Action->execute()
#8 /www/wwwroot/app.uailove.com.br/wp-content/plugins/woocommerce/packages/action-scheduler/classes/ActionScheduler_QueueRunner.php(188): ActionScheduler_Abstract_QueueRunner->process_action()
#9 /www/wwwroot/app.uailove.com.br/wp-content/plugins/woocommerce/packages/action-scheduler/classes/ActionScheduler_QueueRunner.php(158): ActionScheduler_QueueRunner->do_batch()
#10 /www/wwwroot/app.uailove.com.br/wp-includes/class-wp-hook.php(341): ActionScheduler_QueueRunner->run()
#11 /www/wwwroot/app.uailove.com.br/wp-includes/class-wp-hook.php(365): WP_Hook->apply_filters()
#12 /www/wwwroot/app.uailove.com.br/wp-includes/plugin.php(522): WP_Hook->do_action()
#13 /www/wwwroot/app.uailove.com.br/wp-content/plugins/woocommerce/packages/action-scheduler/classes/ActionScheduler_AsyncRequest_QueueRunner.php(48): do_action()
#14 /www/wwwroot/app.uailove.com.br/wp-content/plugins/woocommerce/includes/libraries/wp-async-request.php(147): ActionScheduler_AsyncRequest_QueueRunner->handle()
#15 /www/wwwroot/app.uailove.com.br/wp-includes/class-wp-hook.php(341): WP_Async_Request->maybe_handle()
#16 /www/wwwroot/app.uailove.com.br/wp-includes/class-wp-hook.php(365): WP_Hook->apply_filters()
#17 /www/wwwroot/app.uailove.com.br/wp-includes/plugin.php(522): WP_Hook->do_action()
#18 /www/wwwroot/app.uailove.com.br/wp-admin/admin-ajax.php(207): do_action()
#19 {main}
2026-07-05T12:55:58+00:00 NOTICE There was an error trying to get product set data in a catalog: Não foi possível criar a instância da API pois o token de acesso está faltando.
2026-07-05T12:55:58+00:00 ERROR ProductSetSync exception: exception_code : 0; exception_class : WooCommerce\Facebook\Framework\Api\Exception: exception_message : Não foi possível criar a instância da API pois o token de acesso está faltando.; exception_trace : #0 /www/wwwroot/app.uailove.com.br/wp-content/plugins/facebook-for-woocommerce/includes/ProductSets/ProductSetSync.php(139): WC_Facebookcommerce->get_api()
#1 /www/wwwroot/app.uailove.com.br/wp-content/plugins/facebook-for-woocommerce/includes/ProductSets/ProductSetSync.php(226): WooCommerce\Facebook\ProductSets\ProductSetSync->get_fb_product_set_id()
#2 /www/wwwroot/app.uailove.com.br/wp-content/plugins/facebook-for-woocommerce/includes/ProductSets/ProductSetSync.php(107): WooCommerce\Facebook\ProductSets\ProductSetSync->sync_all_wc_product_categories()
#3 /www/wwwroot/app.uailove.com.br/wp-includes/class-wp-hook.php(341): WooCommerce\Facebook\ProductSets\ProductSetSync->sync_all_product_sets()
#4 /www/wwwroot/app.uailove.com.br/wp-includes/class-wp-hook.php(365): WP_Hook->apply_filters()
#5 /www/wwwroot/app.uailove.com.br/wp-includes/plugin.php(570): WP_Hook->do_action()
#6 /www/wwwroot/app.uailove.com.br/wp-content/plugins/woocommerce/packages/action-scheduler/classes/actions/ActionScheduler_Action.php(86): do_action_ref_array()
#7 /www/wwwroot/app.uailove.com.br/wp-content/plugins/woocommerce/packages/action-scheduler/classes/abstracts/ActionScheduler_Abstract_QueueRunner.php(103): ActionScheduler_Action->execute()
#8 /www/wwwroot/app.uailove.com.br/wp-content/plugins/woocommerce/packages/action-scheduler/classes/ActionScheduler_QueueRunner.php(188): ActionScheduler_Abstract_QueueRunner->process_action()
#9 /www/wwwroot/app.uailove.com.br/wp-content/plugins/woocommerce/packages/action-scheduler/classes/ActionScheduler_QueueRunner.php(158): ActionScheduler_QueueRunner->do_batch()
#10 /www/wwwroot/app.uailove.com.br/wp-includes/class-wp-hook.php(341): ActionScheduler_QueueRunner->run()
#11 /www/wwwroot/app.uailove.com.br/wp-includes/class-wp-hook.php(365): WP_Hook->apply_filters()
#12 /www/wwwroot/app.uailove.com.br/wp-includes/plugin.php(522): WP_Hook->do_action()
#13 /www/wwwroot/app.uailove.com.br/wp-content/plugins/woocommerce/packages/action-scheduler/classes/ActionScheduler_AsyncRequest_QueueRunner.php(48): do_action()
#14 /www/wwwroot/app.uailove.com.br/wp-content/plugins/woocommerce/includes/libraries/wp-async-request.php(147): ActionScheduler_AsyncRequest_QueueRunner->handle()
#15 /www/wwwroot/app.uailove.com.br/wp-includes/class-wp-hook.php(341): WP_Async_Request->maybe_handle()
#16 /www/wwwroot/app.uailove.com.br/wp-includes/class-wp-hook.php(365): WP_Hook->apply_filters()
#17 /www/wwwroot/app.uailove.com.br/wp-includes/plugin.php(522): WP_Hook->do_action()
#18 /www/wwwroot/app.uailove.com.br/wp-admin/admin-ajax.php(207): do_action()
#19 {main}
2026-07-05T12:55:58+00:00 NOTICE There was an error trying to get product set data in a catalog: Não foi possível criar a instância da API pois o token de acesso está faltando.
2026-07-05T12:55:58+00:00 ERROR ProductSetSync exception: exception_code : 0; exception_class : WooCommerce\Facebook\Framework\Api\Exception: exception_message : Não foi possível criar a instância da API pois o token de acesso está faltando.; exception_trace : #0 /www/wwwroot/app.uailove.com.br/wp-content/plugins/facebook-for-woocommerce/includes/ProductSets/ProductSetSync.php(139): WC_Facebookcommerce->get_api()
#1 /www/wwwroot/app.uailove.com.br/wp-content/plugins/facebook-for-woocommerce/includes/ProductSets/ProductSetSync.php(226): WooCommerce\Facebook\ProductSets\ProductSetSync->get_fb_product_set_id()
#2 /www/wwwroot/app.uailove.com.br/wp-content/plugins/facebook-for-woocommerce/includes/ProductSets/ProductSetSync.php(107): WooCommerce\Facebook\ProductSets\ProductSetSync->sync_all_wc_product_categories()
#3 /www/wwwroot/app.uailove.com.br/wp-includes/class-wp-hook.php(341): WooCommerce\Facebook\ProductSets\ProductSetSync->sync_all_product_sets()
#4 /www/wwwroot/app.uailove.com.br/wp-includes/class-wp-hook.php(365): WP_Hook->apply_filters()
#5 /www/wwwroot/app.uailove.com.br/wp-includes/plugin.php(570): WP_Hook->do_action()
#6 /www/wwwroot/app.uailove.com.br/wp-content/plugins/woocommerce/packages/action-scheduler/classes/actions/ActionScheduler_Action.php(86): do_action_ref_array()
#7 /www/wwwroot/app.uailove.com.br/wp-content/plugins/woocommerce/packages/action-scheduler/classes/abstracts/ActionScheduler_Abstract_QueueRunner.php(103): ActionScheduler_Action->execute()
#8 /www/wwwroot/app.uailove.com.br/wp-content/plugins/woocommerce/packages/action-scheduler/classes/ActionScheduler_QueueRunner.php(188): ActionScheduler_Abstract_QueueRunner->process_action()
#9 /www/wwwroot/app.uailove.com.br/wp-content/plugins/woocommerce/packages/action-scheduler/classes/ActionScheduler_QueueRunner.php(158): ActionScheduler_QueueRunner->do_batch()
#10 /www/wwwroot/app.uailove.com.br/wp-includes/class-wp-hook.php(341): ActionScheduler_QueueRunner->run()
#11 /www/wwwroot/app.uailove.com.br/wp-includes/class-wp-hook.php(365): WP_Hook->apply_filters()
#12 /www/wwwroot/app.uailove.com.br/wp-includes/plugin.php(522): WP_Hook->do_action()
#13 /www/wwwroot/app.uailove.com.br/wp-content/plugins/woocommerce/packages/action-scheduler/classes/ActionScheduler_AsyncRequest_QueueRunner.php(48): do_action()
#14 /www/wwwroot/app.uailove.com.br/wp-content/plugins/woocommerce/includes/libraries/wp-async-request.php(147): ActionScheduler_AsyncRequest_QueueRunner->handle()
#15 /www/wwwroot/app.uailove.com.br/wp-includes/class-wp-hook.php(341): WP_Async_Request->maybe_handle()
#16 /www/wwwroot/app.uailove.com.br/wp-includes/class-wp-hook.php(365): WP_Hook->apply_filters()
#17 /www/wwwroot/app.uailove.com.br/wp-includes/plugin.php(522): WP_Hook->do_action()
#18 /www/wwwroot/app.uailove.com.br/wp-admin/admin-ajax.php(207): do_action()
#19 {main}
2026-07-05T12:55:58+00:00 NOTICE There was an error trying to get product set data in a catalog: Não foi possível criar a instância da API pois o token de acesso está faltando.
2026-07-05T12:55:58+00:00 ERROR ProductSetSync exception: exception_code : 0; exception_class : WooCommerce\Facebook\Framework\Api\Exception: exception_message : Não foi possível criar a instância da API pois o token de acesso está faltando.; exception_trace : #0 /www/wwwroot/app.uailove.com.br/wp-content/plugins/facebook-for-woocommerce/includes/ProductSets/ProductSetSync.php(139): WC_Facebookcommerce->get_api()
#1 /www/wwwroot/app.uailove.com.br/wp-content/plugins/facebook-for-woocommerce/includes/ProductSets/ProductSetSync.php(226): WooCommerce\Facebook\ProductSets\ProductSetSync->get_fb_product_set_id()
#2 /www/wwwroot/app.uailove.com.br/wp-content/plugins/facebook-for-woocommerce/includes/ProductSets/ProductSetSync.php(107): WooCommerce\Facebook\ProductSets\ProductSetSync->sync_all_wc_product_categories()
#3 /www/wwwroot/app.uailove.com.br/wp-includes/class-wp-hook.php(341): WooCommerce\Facebook\ProductSets\ProductSetSync->sync_all_product_sets()
#4 /www/wwwroot/app.uailove.com.br/wp-includes/class-wp-hook.php(365): WP_Hook->apply_filters()
#5 /www/wwwroot/app.uailove.com.br/wp-includes/plugin.php(570): WP_Hook->do_action()
#6 /www/wwwroot/app.uailove.com.br/wp-content/plugins/woocommerce/packages/action-scheduler/classes/actions/ActionScheduler_Action.php(86): do_action_ref_array()
#7 /www/wwwroot/app.uailove.com.br/wp-content/plugins/woocommerce/packages/action-scheduler/classes/abstracts/ActionScheduler_Abstract_QueueRunner.php(103): ActionScheduler_Action->execute()
#8 /www/wwwroot/app.uailove.com.br/wp-content/plugins/woocommerce/packages/action-scheduler/classes/ActionScheduler_QueueRunner.php(188): ActionScheduler_Abstract_QueueRunner->process_action()
#9 /www/wwwroot/app.uailove.com.br/wp-content/plugins/woocommerce/packages/action-scheduler/classes/ActionScheduler_QueueRunner.php(158): ActionScheduler_QueueRunner->do_batch()
#10 /www/wwwroot/app.uailove.com.br/wp-includes/class-wp-hook.php(341): ActionScheduler_QueueRunner->run()
#11 /www/wwwroot/app.uailove.com.br/wp-includes/class-wp-hook.php(365): WP_Hook->apply_filters()
#12 /www/wwwroot/app.uailove.com.br/wp-includes/plugin.php(522): WP_Hook->do_action()
#13 /www/wwwroot/app.uailove.com.br/wp-content/plugins/woocommerce/packages/action-scheduler/classes/ActionScheduler_AsyncRequest_QueueRunner.php(48): do_action()
#14 /www/wwwroot/app.uailove.com.br/wp-content/plugins/woocommerce/includes/libraries/wp-async-request.php(147): ActionScheduler_AsyncRequest_QueueRunner->handle()
#15 /www/wwwroot/app.uailove.com.br/wp-includes/class-wp-hook.php(341): WP_Async_Request->maybe_handle()
#16 /www/wwwroot/app.uailove.com.br/wp-includes/class-wp-hook.php(365): WP_Hook->apply_filters()
#17 /www/wwwroot/app.uailove.com.br/wp-includes/plugin.php(522): WP_Hook->do_action()
#18 /www/wwwroot/app.uailove.com.br/wp-admin/admin-ajax.php(207): do_action()
#19 {main}
2026-07-05T12:55:58+00:00 WARNING Product feed scheduling failed: Integration not configured. : {"flow_name":"product_feed","flow_step":"schedule_feed_generation"}
2026-07-05T12:55:58+00:00 WARNING Language override feed scheduling failed: Integration not configured. : {"flow_name":"language_override_feed","flow_step":"schedule_feed_generation"}
2026-07-05T13:47:56+00:00 ERROR Error persisting Meta logs: Não foi possível criar a instância da API pois o token de acesso está faltando. : []
2026-07-05T13:47:56+00:00 ERROR Error persisting error logs: Não foi possível criar a instância da API pois o token de acesso está faltando. : []
2026-07-05T13:53:11+00:00 ERROR Error persisting Meta logs: Não foi possível criar a instância da API pois o token de acesso está faltando. : []
2026-07-05T13:55:02+00:00 ERROR Error persisting Meta logs: Não foi possível criar a instância da API pois o token de acesso está faltando. : []
2026-07-05T13:55:11+00:00 ERROR Error persisting Meta logs: Não foi possível criar a instância da API pois o token de acesso está faltando. : []
2026-07-05T13:59:55+00:00 ERROR Error persisting Meta logs: Não foi possível criar a instância da API pois o token de acesso está faltando. : []
2026-07-05T14:05:20+00:00 ERROR Error persisting Meta logs: Não foi possível criar a instância da API pois o token de acesso está faltando. : []
2026-07-05T14:09:55+00:00 WARNING Product feed scheduling failed: Integration not configured. : {"flow_name":"product_feed","flow_step":"schedule_feed_generation"}
2026-07-05T14:09:55+00:00 WARNING Language override feed scheduling failed: Integration not configured. : {"flow_name":"language_override_feed","flow_step":"schedule_feed_generation"}
2026-07-05T14:09:55+00:00 ERROR Error persisting Meta logs: Não foi possível criar a instância da API pois o token de acesso está faltando. : []
2026-07-05T14:21:19+00:00 ERROR Error persisting Meta logs: Não foi possível criar a instância da API pois o token de acesso está faltando. : []
2026-07-05T14:24:38+00:00 ERROR Error persisting Meta logs: Não foi possível criar a instância da API pois o token de acesso está faltando. : []
2026-07-05T15:14:56+00:00 ERROR Error persisting Meta logs: Não foi possível criar a instância da API pois o token de acesso está faltando. : []
2026-07-05T15:25:14+00:00 ERROR Error persisting Meta logs: Não foi possível criar a instância da API pois o token de acesso está faltando. : []
2026-07-05T15:25:14+00:00 WARNING Product feed scheduling failed: Integration not configured. : {"flow_name":"product_feed","flow_step":"schedule_feed_generation"}
2026-07-05T15:25:14+00:00 WARNING Language override feed scheduling failed: Integration not configured. : {"flow_name":"language_override_feed","flow_step":"schedule_feed_generation"}
2026-07-05T15:25:17+00:00 ERROR Error persisting Meta logs: Não foi possível criar a instância da API pois o token de acesso está faltando. : []
2026-07-05T15:39:29+00:00 ERROR Error persisting Meta logs: Não foi possível criar a instância da API pois o token de acesso está faltando. : []
2026-07-05T16:17:45+00:00 ERROR Error persisting Meta logs: Não foi possível criar a instância da API pois o token de acesso está faltando. : []
2026-07-05T16:17:45+00:00 ERROR Error persisting Meta logs: Não foi possível criar a instância da API pois o token de acesso está faltando. : []
2026-07-05T16:41:14+00:00 WARNING Product feed scheduling failed: Integration not configured. : {"flow_name":"product_feed","flow_step":"schedule_feed_generation"}
2026-07-05T16:41:14+00:00 WARNING Language override feed scheduling failed: Integration not configured. : {"flow_name":"language_override_feed","flow_step":"schedule_feed_generation"}
2026-07-05T16:55:16+00:00 ERROR Error persisting Meta logs: Não foi possível criar a instância da API pois o token de acesso está faltando. : []
2026-07-05T17:11:04+00:00 ERROR Error persisting Meta logs: Não foi possível criar a instância da API pois o token de acesso está faltando. : []
2026-07-05T17:52:37+00:00 ERROR Error persisting Meta logs: Não foi possível criar a instância da API pois o token de acesso está faltando. : []
2026-07-05T17:52:37+00:00 WARNING Product feed scheduling failed: Integration not configured. : {"flow_name":"product_feed","flow_step":"schedule_feed_generation"}
2026-07-05T17:52:37+00:00 WARNING Language override feed scheduling failed: Integration not configured. : {"flow_name":"language_override_feed","flow_step":"schedule_feed_generation"}
2026-07-05T17:52:37+00:00 ERROR Error persisting error logs: Não foi possível criar a instância da API pois o token de acesso está faltando. : []
2026-07-05T17:52:40+00:00 ERROR Error persisting Meta logs: Não foi possível criar a instância da API pois o token de acesso está faltando. : []
2026-07-05T19:29:22+00:00 WARNING Product feed scheduling failed: Integration not configured. : {"flow_name":"product_feed","flow_step":"schedule_feed_generation"}
2026-07-05T19:29:22+00:00 WARNING Language override feed scheduling failed: Integration not configured. : {"flow_name":"language_override_feed","flow_step":"schedule_feed_generation"}
2026-07-05T19:29:22+00:00 ERROR Error persisting Meta logs: Não foi possível criar a instância da API pois o token de acesso está faltando. : []
2026-07-05T19:32:57+00:00 ERROR Error persisting Meta logs: Não foi possível criar a instância da API pois o token de acesso está faltando. : []
2026-07-05T20:22:37+00:00 ERROR Error persisting Meta logs: Não foi possível criar a instância da API pois o token de acesso está faltando. : []
2026-07-05T20:35:49+00:00 ERROR Error persisting Meta logs: Não foi possível criar a instância da API pois o token de acesso está faltando. : []
2026-07-05T21:21:40+00:00 ERROR Error persisting Meta logs: Não foi possível criar a instância da API pois o token de acesso está faltando. : []
2026-07-05T21:26:13+00:00 ERROR Error persisting Meta logs: Não foi possível criar a instância da API pois o token de acesso está faltando. : []
2026-07-05T21:26:13+00:00 WARNING Product feed scheduling failed: Integration not configured. : {"flow_name":"product_feed","flow_step":"schedule_feed_generation"}
2026-07-05T21:26:13+00:00 WARNING Language override feed scheduling failed: Integration not configured. : {"flow_name":"language_override_feed","flow_step":"schedule_feed_generation"}
2026-07-05T21:26:13+00:00 ERROR Error persisting error logs: Não foi possível criar a instância da API pois o token de acesso está faltando. : []
